<?xml version="1.0" encoding="UTF-8"?>
<coverage generated="1567208635406" clover="3.2.0">
  <project timestamp="1567208635406" name="All files">
    <metrics statements="43" coveredstatements="35" conditionals="0" coveredconditionals="0" methods="21" coveredmethods="15" elements="64" coveredelements="50" complexity="0" loc="43" ncloc="43" packages="1" files="3" classes="3"/>
    <file name="PhotoCollage.jsx" path="/Users/Wendy/hrsf122/Front End Capstone - AirBnB/client/src/components/PhotoCollage.jsx">
      <metrics statements="13" coveredstatements="13" conditionals="0" coveredconditionals="0" methods="6" coveredmethods="6"/>
      <line num="6" count="1" type="stmt"/>
      <line num="13" count="1" type="stmt"/>
      <line num="27" count="1" type="stmt"/>
      <line num="41" count="1" type="stmt"/>
      <line num="55" count="1" type="stmt"/>
      <line num="70" count="1" type="stmt"/>
      <line num="86" count="1" type="stmt"/>
      <line num="87" count="6" type="stmt"/>
      <line num="89" count="1" type="stmt"/>
      <line num="90" count="1" type="stmt"/>
      <line num="91" count="1" type="stmt"/>
      <line num="92" count="1" type="stmt"/>
      <line num="93" count="1" type="stmt"/>
    </file>
    <file name="PhotoSlideShow.jsx" path="/Users/Wendy/hrsf122/Front End Capstone - AirBnB/client/src/components/PhotoSlideShow.jsx">
      <metrics statements="18" coveredstatements="16" conditionals="0" coveredconditionals="0" methods="8" coveredmethods="7"/>
      <line num="5" count="1" type="stmt"/>
      <line num="12" count="1" type="stmt"/>
      <line num="29" count="1" type="stmt"/>
      <line num="48" count="1" type="stmt"/>
      <line num="59" count="1" type="stmt"/>
      <line num="61" count="1" type="stmt"/>
      <line num="67" count="1" type="stmt"/>
      <line num="68" count="1" type="stmt"/>
      <line num="76" count="5" type="stmt"/>
      <line num="92" count="1" type="stmt"/>
      <line num="93" count="0" type="stmt"/>
      <line num="99" count="0" type="stmt"/>
      <line num="105" count="1" type="stmt"/>
      <line num="106" count="1" type="stmt"/>
      <line num="107" count="1" type="stmt"/>
      <line num="113" count="1" type="stmt"/>
      <line num="114" count="1" type="stmt"/>
      <line num="115" count="1" type="stmt"/>
    </file>
    <file name="ThumbnailGallery.jsx" path="/Users/Wendy/hrsf122/Front End Capstone - AirBnB/client/src/components/ThumbnailGallery.jsx">
      <metrics statements="12" coveredstatements="6" conditionals="0" coveredconditionals="0" methods="7" coveredmethods="2"/>
      <line num="5" count="1" type="stmt"/>
      <line num="11" count="1" type="stmt"/>
      <line num="25" count="0" type="stmt"/>
      <line num="27" count="0" type="stmt"/>
      <line num="30" count="0" type="stmt"/>
      <line num="34" count="0" type="stmt"/>
      <line num="40" count="0" type="stmt"/>
      <line num="48" count="0" type="stmt"/>
      <line num="58" count="1" type="stmt"/>
      <line num="59" count="3" type="stmt"/>
      <line num="66" count="3" type="stmt"/>
      <line num="67" count="1" type="stmt"/>
    </file>
  </project>
</coverage>
