{"/Users/Wendy/hrsf122/Front End Capstone - AirBnB/client/src/components/PhotoCollage.jsx": {"path":"/Users/Wendy/hrsf122/Front End Capstone - AirBnB/client/src/components/PhotoCollage.jsx","statementMap":{"0":{"start":{"line":6,"column":18},"end":{"line":11,"column":1}},"1":{"start":{"line":13,"column":17},"end":{"line":25,"column":1}},"2":{"start":{"line":27,"column":17},"end":{"line":39,"column":1}},"3":{"start":{"line":41,"column":19},"end":{"line":53,"column":1}},"4":{"start":{"line":55,"column":18},"end":{"line":68,"column":1}},"5":{"start":{"line":70,"column":18},"end":{"line":83,"column":1}},"6":{"start":{"line":86,"column":21},"end":{"line":96,"column":1}},"7":{"start":{"line":87,"column":4},"end":{"line":95,"column":6}},"8":{"start":{"line":89,"column":66},"end":{"line":89,"column":82}},"9":{"start":{"line":90,"column":65},"end":{"line":90,"column":81}},"10":{"start":{"line":91,"column":67},"end":{"line":91,"column":83}},"11":{"start":{"line":92,"column":66},"end":{"line":92,"column":82}},"12":{"start":{"line":93,"column":66},"end":{"line":93,"column":82}}},"fnMap":{"0":{"name":"(anonymous_0)","decl":{"start":{"line":86,"column":21},"end":{"line":86,"column":22}},"loc":{"start":{"line":86,"column":53},"end":{"line":96,"column":1}},"line":86},"1":{"name":"(anonymous_1)","decl":{"start":{"line":89,"column":60},"end":{"line":89,"column":61}},"loc":{"start":{"line":89,"column":66},"end":{"line":89,"column":82}},"line":89},"2":{"name":"(anonymous_2)","decl":{"start":{"line":90,"column":59},"end":{"line":90,"column":60}},"loc":{"start":{"line":90,"column":65},"end":{"line":90,"column":81}},"line":90},"3":{"name":"(anonymous_3)","decl":{"start":{"line":91,"column":61},"end":{"line":91,"column":62}},"loc":{"start":{"line":91,"column":67},"end":{"line":91,"column":83}},"line":91},"4":{"name":"(anonymous_4)","decl":{"start":{"line":92,"column":60},"end":{"line":92,"column":61}},"loc":{"start":{"line":92,"column":66},"end":{"line":92,"column":82}},"line":92},"5":{"name":"(anonymous_5)","decl":{"start":{"line":93,"column":60},"end":{"line":93,"column":61}},"loc":{"start":{"line":93,"column":66},"end":{"line":93,"column":82}},"line":93}},"branchMap":{},"s":{"0":1,"1":1,"2":1,"3":1,"4":1,"5":1,"6":1,"7":6,"8":1,"9":1,"10":1,"11":1,"12":1},"f":{"0":6,"1":1,"2":1,"3":1,"4":1,"5":1},"b":{},"_coverageSchema":"43e27e138ebf9cfc5966b082cf9a028302ed4184","hash":"2f3e76eaa7e79d2406930bdec7bf50040be25137"}
,"/Users/Wendy/hrsf122/Front End Capstone - AirBnB/client/src/components/PhotoSlideShow.jsx": {"path":"/Users/Wendy/hrsf122/Front End Capstone - AirBnB/client/src/components/PhotoSlideShow.jsx","statementMap":{"0":{"start":{"line":5,"column":22},"end":{"line":9,"column":1}},"1":{"start":{"line":12,"column":25},"end":{"line":27,"column":1}},"2":{"start":{"line":29,"column":25},"end":{"line":45,"column":1}},"3":{"start":{"line":48,"column":22},"end":{"line":54,"column":1}},"4":{"start":{"line":59,"column":6},"end":{"line":59,"column":19}},"5":{"start":{"line":61,"column":6},"end":{"line":63,"column":7}},"6":{"start":{"line":67,"column":6},"end":{"line":67,"column":46}},"7":{"start":{"line":68,"column":6},"end":{"line":86,"column":8}},"8":{"start":{"line":76,"column":18},"end":{"line":76,"column":49}},"9":{"start":{"line":92,"column":21},"end":{"line":102,"column":3}},"10":{"start":{"line":93,"column":17},"end":{"line":98,"column":5}},"11":{"start":{"line":99,"column":4},"end":{"line":101,"column":6}},"12":{"start":{"line":105,"column":25},"end":{"line":110,"column":3}},"13":{"start":{"line":106,"column":4},"end":{"line":109,"column":6}},"14":{"start":{"line":107,"column":55},"end":{"line":107,"column":77}},"15":{"start":{"line":113,"column":26},"end":{"line":118,"column":3}},"16":{"start":{"line":114,"column":4},"end":{"line":117,"column":6}},"17":{"start":{"line":115,"column":56},"end":{"line":115,"column":78}}},"fnMap":{"0":{"name":"(anonymous_0)","decl":{"start":{"line":58,"column":2},"end":{"line":58,"column":3}},"loc":{"start":{"line":58,"column":21},"end":{"line":64,"column":3}},"line":58},"1":{"name":"(anonymous_1)","decl":{"start":{"line":66,"column":4},"end":{"line":66,"column":5}},"loc":{"start":{"line":66,"column":13},"end":{"line":87,"column":5}},"line":66},"2":{"name":"(anonymous_2)","decl":{"start":{"line":75,"column":38},"end":{"line":75,"column":39}},"loc":{"start":{"line":76,"column":18},"end":{"line":76,"column":49}},"line":76},"3":{"name":"(anonymous_3)","decl":{"start":{"line":92,"column":21},"end":{"line":92,"column":22}},"loc":{"start":{"line":92,"column":36},"end":{"line":102,"column":3}},"line":92},"4":{"name":"(anonymous_4)","decl":{"start":{"line":105,"column":25},"end":{"line":105,"column":26}},"loc":{"start":{"line":105,"column":53},"end":{"line":110,"column":3}},"line":105},"5":{"name":"(anonymous_5)","decl":{"start":{"line":107,"column":49},"end":{"line":107,"column":50}},"loc":{"start":{"line":107,"column":55},"end":{"line":107,"column":77}},"line":107},"6":{"name":"(anonymous_6)","decl":{"start":{"line":113,"column":26},"end":{"line":113,"column":27}},"loc":{"start":{"line":113,"column":54},"end":{"line":118,"column":3}},"line":113},"7":{"name":"(anonymous_7)","decl":{"start":{"line":115,"column":50},"end":{"line":115,"column":51}},"loc":{"start":{"line":115,"column":56},"end":{"line":115,"column":78}},"line":115}},"branchMap":{},"s":{"0":1,"1":1,"2":1,"3":1,"4":1,"5":1,"6":1,"7":1,"8":5,"9":1,"10":0,"11":0,"12":1,"13":1,"14":1,"15":1,"16":1,"17":1},"f":{"0":1,"1":1,"2":5,"3":0,"4":1,"5":1,"6":1,"7":1},"b":{},"_coverageSchema":"43e27e138ebf9cfc5966b082cf9a028302ed4184","hash":"4a802e1932f40e51c76a350ed2f439302411c725"}
,"/Users/Wendy/hrsf122/Front End Capstone - AirBnB/client/src/components/ThumbnailGallery.jsx": {"path":"/Users/Wendy/hrsf122/Front End Capstone - AirBnB/client/src/components/ThumbnailGallery.jsx","statementMap":{"0":{"start":{"line":5,"column":25},"end":{"line":9,"column":1}},"1":{"start":{"line":11,"column":25},"end":{"line":19,"column":1}},"2":{"start":{"line":25,"column":4},"end":{"line":25,"column":17}},"3":{"start":{"line":27,"column":4},"end":{"line":29,"column":5}},"4":{"start":{"line":30,"column":4},"end":{"line":30,"column":57}},"5":{"start":{"line":34,"column":4},"end":{"line":36,"column":6}},"6":{"start":{"line":40,"column":4},"end":{"line":53,"column":6}},"7":{"start":{"line":48,"column":14},"end":{"line":48,"column":200}},"8":{"start":{"line":58,"column":26},"end":{"line":69,"column":1}},"9":{"start":{"line":59,"column":17},"end":{"line":65,"column":5}},"10":{"start":{"line":66,"column":4},"end":{"line":68,"column":6}},"11":{"start":{"line":67,"column":71},"end":{"line":67,"column":85}},"12":{"start":{"line":67,"column":107},"end":{"line":67,"column":125}}},"fnMap":{"0":{"name":"(anonymous_0)","decl":{"start":{"line":24,"column":2},"end":{"line":24,"column":3}},"loc":{"start":{"line":24,"column":21},"end":{"line":31,"column":3}},"line":24},"1":{"name":"(anonymous_1)","decl":{"start":{"line":33,"column":2},"end":{"line":33,"column":3}},"loc":{"start":{"line":33,"column":19},"end":{"line":37,"column":3}},"line":33},"2":{"name":"(anonymous_2)","decl":{"start":{"line":39,"column":2},"end":{"line":39,"column":3}},"loc":{"start":{"line":39,"column":11},"end":{"line":54,"column":3}},"line":39},"3":{"name":"(anonymous_3)","decl":{"start":{"line":47,"column":36},"end":{"line":47,"column":37}},"loc":{"start":{"line":48,"column":14},"end":{"line":48,"column":200}},"line":48},"4":{"name":"(anonymous_4)","decl":{"start":{"line":58,"column":26},"end":{"line":58,"column":27}},"loc":{"start":{"line":58,"column":83},"end":{"line":69,"column":1}},"line":58},"5":{"name":"(anonymous_5)","decl":{"start":{"line":67,"column":65},"end":{"line":67,"column":66}},"loc":{"start":{"line":67,"column":71},"end":{"line":67,"column":85}},"line":67},"6":{"name":"(anonymous_6)","decl":{"start":{"line":67,"column":96},"end":{"line":67,"column":97}},"loc":{"start":{"line":67,"column":107},"end":{"line":67,"column":125}},"line":67}},"branchMap":{},"s":{"0":1,"1":1,"2":0,"3":0,"4":0,"5":0,"6":0,"7":0,"8":1,"9":3,"10":3,"11":0,"12":1},"f":{"0":0,"1":0,"2":0,"3":0,"4":3,"5":0,"6":1},"b":{},"_coverageSchema":"43e27e138ebf9cfc5966b082cf9a028302ed4184","hash":"c26a8e8d016b685cc952ec827b090cb5505d8bc2"}
}
