{"/Users/Wendy/hrsf122/Front End Capstone - AirBnB/client/src/components/PhotoCollage.jsx": {"path":"/Users/Wendy/hrsf122/Front End Capstone - AirBnB/client/src/components/PhotoCollage.jsx","statementMap":{"0":{"start":{"line":4,"column":17},"end":{"line":31,"column":1}},"1":{"start":{"line":33,"column":21},"end":{"line":37,"column":1}},"2":{"start":{"line":41,"column":17},"end":{"line":53,"column":1}},"3":{"start":{"line":55,"column":19},"end":{"line":67,"column":1}},"4":{"start":{"line":69,"column":18},"end":{"line":82,"column":1}},"5":{"start":{"line":84,"column":18},"end":{"line":97,"column":1}},"6":{"start":{"line":99,"column":21},"end":{"line":109,"column":1}},"7":{"start":{"line":100,"column":4},"end":{"line":108,"column":6}},"8":{"start":{"line":102,"column":72},"end":{"line":102,"column":88}},"9":{"start":{"line":103,"column":72},"end":{"line":103,"column":88}},"10":{"start":{"line":104,"column":74},"end":{"line":104,"column":90}},"11":{"start":{"line":105,"column":73},"end":{"line":105,"column":89}},"12":{"start":{"line":106,"column":73},"end":{"line":106,"column":89}}},"fnMap":{"0":{"name":"(anonymous_0)","decl":{"start":{"line":99,"column":21},"end":{"line":99,"column":22}},"loc":{"start":{"line":99,"column":53},"end":{"line":109,"column":1}},"line":99},"1":{"name":"(anonymous_1)","decl":{"start":{"line":102,"column":66},"end":{"line":102,"column":67}},"loc":{"start":{"line":102,"column":72},"end":{"line":102,"column":88}},"line":102},"2":{"name":"(anonymous_2)","decl":{"start":{"line":103,"column":66},"end":{"line":103,"column":67}},"loc":{"start":{"line":103,"column":72},"end":{"line":103,"column":88}},"line":103},"3":{"name":"(anonymous_3)","decl":{"start":{"line":104,"column":68},"end":{"line":104,"column":69}},"loc":{"start":{"line":104,"column":74},"end":{"line":104,"column":90}},"line":104},"4":{"name":"(anonymous_4)","decl":{"start":{"line":105,"column":67},"end":{"line":105,"column":68}},"loc":{"start":{"line":105,"column":73},"end":{"line":105,"column":89}},"line":105},"5":{"name":"(anonymous_5)","decl":{"start":{"line":106,"column":67},"end":{"line":106,"column":68}},"loc":{"start":{"line":106,"column":73},"end":{"line":106,"column":89}},"line":106}},"branchMap":{},"s":{"0":1,"1":1,"2":1,"3":1,"4":1,"5":1,"6":1,"7":6,"8":1,"9":1,"10":1,"11":1,"12":1},"f":{"0":6,"1":1,"2":1,"3":1,"4":1,"5":1},"b":{},"_coverageSchema":"43e27e138ebf9cfc5966b082cf9a028302ed4184","hash":"d2a568becebbe8024980700f1d1957370dcf4db2"}
,"/Users/Wendy/hrsf122/Front End Capstone - AirBnB/client/src/components/PhotoSlideShow.jsx": {"path":"/Users/Wendy/hrsf122/Front End Capstone - AirBnB/client/src/components/PhotoSlideShow.jsx","statementMap":{"0":{"start":{"line":5,"column":24},"end":{"line":13,"column":1}},"1":{"start":{"line":21,"column":22},"end":{"line":25,"column":1}},"2":{"start":{"line":28,"column":25},"end":{"line":43,"column":1}},"3":{"start":{"line":45,"column":25},"end":{"line":61,"column":1}},"4":{"start":{"line":64,"column":22},"end":{"line":70,"column":1}},"5":{"start":{"line":72,"column":27},"end":{"line":83,"column":1}},"6":{"start":{"line":85,"column":29},"end":{"line":93,"column":1}},"7":{"start":{"line":95,"column":27},"end":{"line":99,"column":1}},"8":{"start":{"line":103,"column":6},"end":{"line":103,"column":19}},"9":{"start":{"line":105,"column":6},"end":{"line":108,"column":7}},"10":{"start":{"line":109,"column":6},"end":{"line":109,"column":57}},"11":{"start":{"line":110,"column":6},"end":{"line":110,"column":57}},"12":{"start":{"line":111,"column":6},"end":{"line":111,"column":51}},"13":{"start":{"line":115,"column":6},"end":{"line":116,"column":15}},"14":{"start":{"line":116,"column":8},"end":{"line":116,"column":15}},"15":{"start":{"line":118,"column":6},"end":{"line":121,"column":9}},"16":{"start":{"line":118,"column":34},"end":{"line":121,"column":7}},"17":{"start":{"line":128,"column":6},"end":{"line":133,"column":7}},"18":{"start":{"line":129,"column":8},"end":{"line":132,"column":10}},"19":{"start":{"line":136,"column":6},"end":{"line":139,"column":10}},"20":{"start":{"line":136,"column":34},"end":{"line":139,"column":7}},"21":{"start":{"line":143,"column":7},"end":{"line":143,"column":59}},"22":{"start":{"line":147,"column":6},"end":{"line":147,"column":46}},"23":{"start":{"line":148,"column":6},"end":{"line":181,"column":8}},"24":{"start":{"line":157,"column":18},"end":{"line":157,"column":49}},"25":{"start":{"line":187,"column":21},"end":{"line":197,"column":3}},"26":{"start":{"line":188,"column":17},"end":{"line":193,"column":5}},"27":{"start":{"line":194,"column":4},"end":{"line":196,"column":6}},"28":{"start":{"line":200,"column":25},"end":{"line":205,"column":3}},"29":{"start":{"line":201,"column":4},"end":{"line":204,"column":6}},"30":{"start":{"line":208,"column":26},"end":{"line":213,"column":3}},"31":{"start":{"line":209,"column":4},"end":{"line":212,"column":6}},"32":{"start":{"line":215,"column":31},"end":{"line":219,"column":3}},"33":{"start":{"line":216,"column":4},"end":{"line":218,"column":6}}},"fnMap":{"0":{"name":"(anonymous_0)","decl":{"start":{"line":102,"column":2},"end":{"line":102,"column":3}},"loc":{"start":{"line":102,"column":21},"end":{"line":112,"column":5}},"line":102},"1":{"name":"(anonymous_1)","decl":{"start":{"line":114,"column":4},"end":{"line":114,"column":5}},"loc":{"start":{"line":114,"column":20},"end":{"line":122,"column":5}},"line":114},"2":{"name":"(anonymous_2)","decl":{"start":{"line":118,"column":20},"end":{"line":118,"column":21}},"loc":{"start":{"line":118,"column":34},"end":{"line":121,"column":7}},"line":118},"3":{"name":"(anonymous_3)","decl":{"start":{"line":124,"column":4},"end":{"line":124,"column":5}},"loc":{"start":{"line":124,"column":20},"end":{"line":140,"column":5}},"line":124},"4":{"name":"(anonymous_4)","decl":{"start":{"line":136,"column":20},"end":{"line":136,"column":21}},"loc":{"start":{"line":136,"column":34},"end":{"line":139,"column":7}},"line":136},"5":{"name":"(anonymous_5)","decl":{"start":{"line":142,"column":4},"end":{"line":142,"column":5}},"loc":{"start":{"line":142,"column":17},"end":{"line":144,"column":5}},"line":142},"6":{"name":"(anonymous_6)","decl":{"start":{"line":146,"column":4},"end":{"line":146,"column":5}},"loc":{"start":{"line":146,"column":13},"end":{"line":182,"column":5}},"line":146},"7":{"name":"(anonymous_7)","decl":{"start":{"line":156,"column":38},"end":{"line":156,"column":39}},"loc":{"start":{"line":157,"column":18},"end":{"line":157,"column":49}},"line":157},"8":{"name":"(anonymous_8)","decl":{"start":{"line":187,"column":21},"end":{"line":187,"column":22}},"loc":{"start":{"line":187,"column":36},"end":{"line":197,"column":3}},"line":187},"9":{"name":"(anonymous_9)","decl":{"start":{"line":200,"column":25},"end":{"line":200,"column":26}},"loc":{"start":{"line":200,"column":36},"end":{"line":205,"column":3}},"line":200},"10":{"name":"(anonymous_10)","decl":{"start":{"line":208,"column":26},"end":{"line":208,"column":27}},"loc":{"start":{"line":208,"column":37},"end":{"line":213,"column":3}},"line":208},"11":{"name":"(anonymous_11)","decl":{"start":{"line":215,"column":31},"end":{"line":215,"column":32}},"loc":{"start":{"line":215,"column":52},"end":{"line":219,"column":3}},"line":215}},"branchMap":{"0":{"loc":{"start":{"line":115,"column":6},"end":{"line":116,"column":15}},"type":"if","locations":[{"start":{"line":115,"column":6},"end":{"line":116,"column":15}},{"start":{"line":115,"column":6},"end":{"line":116,"column":15}}],"line":115},"1":{"loc":{"start":{"line":128,"column":6},"end":{"line":133,"column":7}},"type":"if","locations":[{"start":{"line":128,"column":6},"end":{"line":133,"column":7}},{"start":{"line":128,"column":6},"end":{"line":133,"column":7}}],"line":128}},"s":{"0":1,"1":1,"2":1,"3":1,"4":1,"5":1,"6":1,"7":1,"8":1,"9":1,"10":1,"11":1,"12":1,"13":0,"14":0,"15":0,"16":0,"17":0,"18":0,"19":0,"20":0,"21":0,"22":1,"23":1,"24":5,"25":1,"26":0,"27":0,"28":1,"29":1,"30":1,"31":1,"32":1,"33":1},"f":{"0":1,"1":0,"2":0,"3":0,"4":0,"5":0,"6":1,"7":5,"8":0,"9":1,"10":1,"11":1},"b":{"0":[0,0],"1":[0,0]},"_coverageSchema":"43e27e138ebf9cfc5966b082cf9a028302ed4184","hash":"22d226550a73636b552cb4206dbba70621690164"}
,"/Users/Wendy/hrsf122/Front End Capstone - AirBnB/client/src/components/ThumbnailGallery.jsx": {"path":"/Users/Wendy/hrsf122/Front End Capstone - AirBnB/client/src/components/ThumbnailGallery.jsx","statementMap":{"0":{"start":{"line":12,"column":27},"end":{"line":20,"column":1}},"1":{"start":{"line":22,"column":25},"end":{"line":27,"column":1}},"2":{"start":{"line":29,"column":25},"end":{"line":37,"column":1}},"3":{"start":{"line":47,"column":4},"end":{"line":47,"column":17}},"4":{"start":{"line":49,"column":4},"end":{"line":52,"column":5}},"5":{"start":{"line":53,"column":4},"end":{"line":53,"column":55}},"6":{"start":{"line":54,"column":4},"end":{"line":54,"column":55}},"7":{"start":{"line":55,"column":4},"end":{"line":55,"column":57}},"8":{"start":{"line":56,"column":4},"end":{"line":56,"column":51}},"9":{"start":{"line":60,"column":4},"end":{"line":61,"column":13}},"10":{"start":{"line":61,"column":6},"end":{"line":61,"column":13}},"11":{"start":{"line":63,"column":4},"end":{"line":66,"column":7}},"12":{"start":{"line":63,"column":32},"end":{"line":66,"column":5}},"13":{"start":{"line":73,"column":4},"end":{"line":74,"column":13}},"14":{"start":{"line":74,"column":6},"end":{"line":74,"column":13}},"15":{"start":{"line":77,"column":4},"end":{"line":80,"column":8}},"16":{"start":{"line":77,"column":32},"end":{"line":80,"column":5}},"17":{"start":{"line":84,"column":4},"end":{"line":84,"column":60}},"18":{"start":{"line":88,"column":21},"end":{"line":88,"column":60}},"19":{"start":{"line":89,"column":27},"end":{"line":89,"column":65}},"20":{"start":{"line":90,"column":4},"end":{"line":90,"column":23}},"21":{"start":{"line":91,"column":4},"end":{"line":95,"column":5}},"22":{"start":{"line":92,"column":8},"end":{"line":92,"column":29}},"23":{"start":{"line":93,"column":11},"end":{"line":95,"column":5}},"24":{"start":{"line":94,"column":8},"end":{"line":94,"column":29}},"25":{"start":{"line":96,"column":4},"end":{"line":98,"column":7}},"26":{"start":{"line":103,"column":4},"end":{"line":118,"column":6}},"27":{"start":{"line":112,"column":14},"end":{"line":112,"column":103}},"28":{"start":{"line":123,"column":26},"end":{"line":133,"column":1}},"29":{"start":{"line":124,"column":17},"end":{"line":129,"column":5}},"30":{"start":{"line":130,"column":4},"end":{"line":132,"column":6}},"31":{"start":{"line":131,"column":76},"end":{"line":131,"column":94}}},"fnMap":{"0":{"name":"(anonymous_0)","decl":{"start":{"line":46,"column":2},"end":{"line":46,"column":3}},"loc":{"start":{"line":46,"column":21},"end":{"line":57,"column":3}},"line":46},"1":{"name":"(anonymous_1)","decl":{"start":{"line":59,"column":2},"end":{"line":59,"column":3}},"loc":{"start":{"line":59,"column":18},"end":{"line":67,"column":3}},"line":59},"2":{"name":"(anonymous_2)","decl":{"start":{"line":63,"column":18},"end":{"line":63,"column":19}},"loc":{"start":{"line":63,"column":32},"end":{"line":66,"column":5}},"line":63},"3":{"name":"(anonymous_3)","decl":{"start":{"line":69,"column":2},"end":{"line":69,"column":3}},"loc":{"start":{"line":69,"column":18},"end":{"line":81,"column":3}},"line":69},"4":{"name":"(anonymous_4)","decl":{"start":{"line":77,"column":18},"end":{"line":77,"column":19}},"loc":{"start":{"line":77,"column":32},"end":{"line":80,"column":5}},"line":77},"5":{"name":"(anonymous_5)","decl":{"start":{"line":83,"column":2},"end":{"line":83,"column":3}},"loc":{"start":{"line":83,"column":19},"end":{"line":85,"column":3}},"line":83},"6":{"name":"(anonymous_6)","decl":{"start":{"line":87,"column":2},"end":{"line":87,"column":3}},"loc":{"start":{"line":87,"column":21},"end":{"line":99,"column":3}},"line":87},"7":{"name":"(anonymous_7)","decl":{"start":{"line":102,"column":2},"end":{"line":102,"column":3}},"loc":{"start":{"line":102,"column":11},"end":{"line":119,"column":3}},"line":102},"8":{"name":"(anonymous_8)","decl":{"start":{"line":111,"column":36},"end":{"line":111,"column":37}},"loc":{"start":{"line":112,"column":14},"end":{"line":112,"column":103}},"line":112},"9":{"name":"(anonymous_9)","decl":{"start":{"line":123,"column":26},"end":{"line":123,"column":27}},"loc":{"start":{"line":123,"column":61},"end":{"line":133,"column":1}},"line":123},"10":{"name":"(anonymous_10)","decl":{"start":{"line":131,"column":65},"end":{"line":131,"column":66}},"loc":{"start":{"line":131,"column":76},"end":{"line":131,"column":94}},"line":131}},"branchMap":{"0":{"loc":{"start":{"line":60,"column":4},"end":{"line":61,"column":13}},"type":"if","locations":[{"start":{"line":60,"column":4},"end":{"line":61,"column":13}},{"start":{"line":60,"column":4},"end":{"line":61,"column":13}}],"line":60},"1":{"loc":{"start":{"line":73,"column":4},"end":{"line":74,"column":13}},"type":"if","locations":[{"start":{"line":73,"column":4},"end":{"line":74,"column":13}},{"start":{"line":73,"column":4},"end":{"line":74,"column":13}}],"line":73},"2":{"loc":{"start":{"line":91,"column":4},"end":{"line":95,"column":5}},"type":"if","locations":[{"start":{"line":91,"column":4},"end":{"line":95,"column":5}},{"start":{"line":91,"column":4},"end":{"line":95,"column":5}}],"line":91},"3":{"loc":{"start":{"line":93,"column":11},"end":{"line":95,"column":5}},"type":"if","locations":[{"start":{"line":93,"column":11},"end":{"line":95,"column":5}},{"start":{"line":93,"column":11},"end":{"line":95,"column":5}}],"line":93}},"s":{"0":1,"1":1,"2":1,"3":3,"4":3,"5":3,"6":3,"7":3,"8":3,"9":0,"10":0,"11":0,"12":0,"13":0,"14":0,"15":0,"16":0,"17":0,"18":1,"19":1,"20":1,"21":1,"22":0,"23":1,"24":0,"25":1,"26":4,"27":20,"28":1,"29":11,"30":11,"31":2},"f":{"0":3,"1":0,"2":0,"3":0,"4":0,"5":0,"6":1,"7":4,"8":20,"9":11,"10":2},"b":{"0":[0,0],"1":[0,0],"2":[0,1],"3":[0,1]},"_coverageSchema":"43e27e138ebf9cfc5966b082cf9a028302ed4184","hash":"23cceda064e5c299a3977b03ae76fbaa5de6510f"}
}
