TN:
SF:/Users/Wendy/hrsf122/Front End Capstone - AirBnB/client/src/components/PhotoCollage.jsx
FN:99,(anonymous_0)
FN:102,(anonymous_1)
FN:103,(anonymous_2)
FN:104,(anonymous_3)
FN:105,(anonymous_4)
FN:106,(anonymous_5)
FNF:6
FNH:6
FNDA:6,(anonymous_0)
FNDA:1,(anonymous_1)
FNDA:1,(anonymous_2)
FNDA:1,(anonymous_3)
FNDA:1,(anonymous_4)
FNDA:1,(anonymous_5)
DA:4,1
DA:33,1
DA:41,1
DA:55,1
DA:69,1
DA:84,1
DA:99,1
DA:100,6
DA:102,1
DA:103,1
DA:104,1
DA:105,1
DA:106,1
LF:13
LH:13
BRF:0
BRH:0
end_of_record
TN:
SF:/Users/Wendy/hrsf122/Front End Capstone - AirBnB/client/src/components/PhotoSlideShow.jsx
FN:73,(anonymous_0)
FN:85,(anonymous_1)
FN:89,(anonymous_2)
FN:93,(anonymous_3)
FN:99,(anonymous_4)
FN:111,(anonymous_5)
FN:117,(anonymous_6)
FN:121,(anonymous_7)
FN:130,(anonymous_8)
FN:160,(anonymous_9)
FN:173,(anonymous_10)
FN:181,(anonymous_11)
FNF:12
FNH:3
FNDA:1,(anonymous_0)
FNDA:0,(anonymous_1)
FNDA:0,(anonymous_2)
FNDA:0,(anonymous_3)
FNDA:0,(anonymous_4)
FNDA:0,(anonymous_5)
FNDA:0,(anonymous_6)
FNDA:1,(anonymous_7)
FNDA:5,(anonymous_8)
FNDA:0,(anonymous_9)
FNDA:0,(anonymous_10)
FNDA:0,(anonymous_11)
DA:20,1
DA:27,1
DA:44,1
DA:63,1
DA:74,1
DA:76,1
DA:79,1
DA:80,1
DA:81,1
DA:82,1
DA:86,0
DA:90,0
DA:91,0
DA:93,0
DA:103,0
DA:104,0
DA:111,0
DA:118,0
DA:122,1
DA:123,1
DA:131,5
DA:160,1
DA:161,0
DA:167,0
DA:173,1
DA:174,0
DA:181,1
DA:182,0
LF:28
LH:16
BRDA:90,0,0,0
BRDA:90,0,1,0
BRDA:103,1,0,0
BRDA:103,1,1,0
BRF:4
BRH:0
end_of_record
TN:
SF:/Users/Wendy/hrsf122/Front End Capstone - AirBnB/client/src/components/ThumbnailGallery.jsx
FN:39,(anonymous_0)
FN:53,(anonymous_1)
FN:57,(anonymous_2)
FN:61,(anonymous_3)
FN:67,(anonymous_4)
FN:75,(anonymous_5)
FN:81,(anonymous_6)
FN:85,(anonymous_7)
FN:100,(anonymous_8)
FN:108,(anonymous_9)
FN:119,(anonymous_10)
FN:127,(anonymous_11)
FNF:12
FNH:6
FNDA:3,(anonymous_0)
FNDA:0,(anonymous_1)
FNDA:0,(anonymous_2)
FNDA:0,(anonymous_3)
FNDA:0,(anonymous_4)
FNDA:0,(anonymous_5)
FNDA:0,(anonymous_6)
FNDA:1,(anonymous_7)
FNDA:4,(anonymous_8)
FNDA:20,(anonymous_9)
FNDA:11,(anonymous_10)
FNDA:2,(anonymous_11)
DA:15,1
DA:22,1
DA:40,3
DA:42,3
DA:46,3
DA:47,3
DA:48,3
DA:49,3
DA:50,3
DA:54,0
DA:58,0
DA:59,0
DA:61,0
DA:71,0
DA:72,0
DA:75,0
DA:82,0
DA:86,1
DA:87,1
DA:88,1
DA:89,1
DA:90,0
DA:91,1
DA:92,0
DA:94,1
DA:101,4
DA:109,20
DA:119,1
DA:120,11
DA:126,11
DA:127,2
LF:31
LH:21
BRDA:58,0,0,0
BRDA:58,0,1,0
BRDA:71,1,0,0
BRDA:71,1,1,0
BRDA:89,2,0,0
BRDA:89,2,1,1
BRDA:91,3,0,0
BRDA:91,3,1,1
BRF:8
BRH:2
end_of_record
