TN:
SF:/Users/Wendy/hrsf122/Front End Capstone - AirBnB/client/src/components/PhotoCollage.jsx
FN:99,(anonymous_0)
FN:102,(anonymous_1)
FN:103,(anonymous_2)
FN:104,(anonymous_3)
FN:105,(anonymous_4)
FN:106,(anonymous_5)
FNF:6
FNH:1
FNDA:1,(anonymous_0)
FNDA:0,(anonymous_1)
FNDA:0,(anonymous_2)
FNDA:0,(anonymous_3)
FNDA:0,(anonymous_4)
FNDA:0,(anonymous_5)
DA:4,1
DA:33,1
DA:41,1
DA:55,1
DA:69,1
DA:84,1
DA:99,1
DA:100,1
DA:102,0
DA:103,0
DA:104,0
DA:105,0
DA:106,0
LF:13
LH:8
BRF:0
BRH:0
end_of_record
TN:
SF:/Users/Wendy/hrsf122/Front End Capstone - AirBnB/client/src/components/PhotoSlideShow.jsx
FN:102,(anonymous_0)
FN:114,(anonymous_1)
FN:118,(anonymous_2)
FN:124,(anonymous_3)
FN:136,(anonymous_4)
FN:142,(anonymous_5)
FN:146,(anonymous_6)
FN:156,(anonymous_7)
FN:187,(anonymous_8)
FN:200,(anonymous_9)
FN:208,(anonymous_10)
FN:215,(anonymous_11)
FNF:12
FNH:4
FNDA:1,(anonymous_0)
FNDA:0,(anonymous_1)
FNDA:0,(anonymous_2)
FNDA:0,(anonymous_3)
FNDA:0,(anonymous_4)
FNDA:0,(anonymous_5)
FNDA:1,(anonymous_6)
FNDA:5,(anonymous_7)
FNDA:0,(anonymous_8)
FNDA:0,(anonymous_9)
FNDA:0,(anonymous_10)
FNDA:1,(anonymous_11)
DA:5,1
DA:21,1
DA:28,1
DA:45,1
DA:64,1
DA:72,1
DA:85,1
DA:95,1
DA:103,1
DA:105,1
DA:109,1
DA:110,1
DA:111,1
DA:115,0
DA:116,0
DA:118,0
DA:128,0
DA:129,0
DA:136,0
DA:143,0
DA:147,1
DA:148,1
DA:157,5
DA:187,1
DA:188,0
DA:194,0
DA:200,1
DA:201,0
DA:208,1
DA:209,0
DA:215,1
DA:216,1
LF:32
LH:21
BRDA:115,0,0,0
BRDA:115,0,1,0
BRDA:128,1,0,0
BRDA:128,1,1,0
BRF:4
BRH:0
end_of_record
TN:
SF:/Users/Wendy/hrsf122/Front End Capstone - AirBnB/client/src/components/ThumbnailGallery.jsx
FN:46,(anonymous_0)
FN:59,(anonymous_1)
FN:63,(anonymous_2)
FN:69,(anonymous_3)
FN:77,(anonymous_4)
FN:83,(anonymous_5)
FN:87,(anonymous_6)
FN:102,(anonymous_7)
FN:111,(anonymous_8)
FN:123,(anonymous_9)
FN:131,(anonymous_10)
FNF:11
FNH:3
FNDA:2,(anonymous_0)
FNDA:0,(anonymous_1)
FNDA:0,(anonymous_2)
FNDA:0,(anonymous_3)
FNDA:0,(anonymous_4)
FNDA:0,(anonymous_5)
FNDA:0,(anonymous_6)
FNDA:2,(anonymous_7)
FNDA:5,(anonymous_8)
FNDA:0,(anonymous_9)
FNDA:0,(anonymous_10)
DA:12,1
DA:22,1
DA:29,1
DA:47,2
DA:49,2
DA:53,2
DA:54,2
DA:55,2
DA:56,2
DA:60,0
DA:61,0
DA:63,0
DA:73,0
DA:74,0
DA:77,0
DA:84,0
DA:88,0
DA:89,0
DA:90,0
DA:91,0
DA:92,0
DA:93,0
DA:94,0
DA:96,0
DA:103,2
DA:112,5
DA:123,1
DA:124,0
DA:130,0
DA:131,0
LF:30
LH:12
BRDA:60,0,0,0
BRDA:60,0,1,0
BRDA:73,1,0,0
BRDA:73,1,1,0
BRDA:91,2,0,0
BRDA:91,2,1,0
BRDA:93,3,0,0
BRDA:93,3,1,0
BRF:8
BRH:0
end_of_record
